<?xml version="1.0" encoding="UTF-8"?>
<testsuite name="StatementPrinterTests" tests="2" skipped="0" failures="0" errors="0" timestamp="2022-10-20T20:42:50" hostname="Yahyas-MacBook-Pro.local" time="0.139">
  <properties/>
  <testcase name="exampleStatement()" classname="StatementPrinterTests" time="0.131"/>
  <testcase name="statementWithNewPlayTypes()" classname="StatementPrinterTests" time="0.008"/>
  <system-out><![CDATA[]]></system-out>
  <system-err><![CDATA[]]></system-err>
</testsuite>
